Connecting to database specified by database.yml
Compiled jquery.js  (1ms)  (pid 9768)
Compiled jquery_ujs.js  (0ms)  (pid 9768)
Compiled Gill_Sans_400.font.js  (0ms)  (pid 9768)
Compiled cufon-replace.js  (0ms)  (pid 9768)
Compiled cufon-yui.js  (0ms)  (pid 9768)
Compiled home.js  (94ms)  (pid 9768)
Compiled ie_png.js  (0ms)  (pid 9768)
Compiled jquery-1.4.2.min.js  (1ms)  (pid 9768)
Compiled script.js  (0ms)  (pid 9768)
Compiled application.js  (142ms)  (pid 9768)
Compiled home.css  (5ms)  (pid 9768)
Compiled ie6.css  (0ms)  (pid 9768)
Compiled style.css  (0ms)  (pid 9768)
Compiled application.css  (41ms)  (pid 9768)
Connecting to database specified by database.yml
Compiled jquery.js  (16ms)  (pid 9768)
Compiled jquery_ujs.js  (0ms)  (pid 9768)
Compiled Gill_Sans_400.font.js  (0ms)  (pid 9768)
Compiled cufon-replace.js  (0ms)  (pid 9768)
Compiled cufon-yui.js  (0ms)  (pid 9768)
Compiled home.js  (94ms)  (pid 9768)
Compiled ie_png.js  (0ms)  (pid 9768)
Compiled jquery-1.4.2.min.js  (0ms)  (pid 9768)
Compiled script.js  (0ms)  (pid 9768)
Compiled application.js  (156ms)  (pid 9768)
Compiled home.css  (5ms)  (pid 9768)
Compiled ie6.css  (0ms)  (pid 9768)
Compiled style.css  (0ms)  (pid 9768)
Compiled application.css  (13ms)  (pid 9768)
